<?xml version="1.0" encoding="UTF-8"?>
<!-- Generated by org.testng.reporters.JUnitReportReporter -->
<testsuite hostname="DESKTOP-GSK8QF8" failures="0" tests="4" name="com.test.newtest" time="53.663" errors="0" timestamp="2020-11-20T14:17:46 GMT" skipped="0">
  <testcase classname="com.test.newtest" name="halfebaypage" time="10.907"/>
  <system-out/>
  <testcase classname="com.test.newtest" name="halfebaypage" time="11.112"/>
  <system-out/>
  <testcase classname="com.test.newtest" name="halfebaypage" time="20.312"/>
  <system-out/>
  <testcase classname="com.test.newtest" name="halfebaypage" time="11.332"/>
  <system-out/>
</testsuite> <!-- com.test.newtest -->
